# callgrind format
version: 1
creator: callgrind-3.26.0
pid: 38517
cmd:  ./init.elf
part: 1


desc: I1 cache: 
desc: D1 cache: 
desc: LL cache: 

desc: Timerange: Basic block 0 - 38362696
desc: Trigger: Program termination

positions: instr line
events: Ir
summary: 257650828


ob=(1) /mnt/c/Users/pawel/Desktop/ASCII_ASM/init.elf
fl=(1) ???
fn=(14) 0x00000000004010b4
0x4010b4 0 1
+5 0 1
+3 0 1
+2 0 1

fn=(0) 0x0000000000401000
0x401000 0 1
+5 0 1
+10 0 1
+5 0 1
+2 0 1
+3 0 1
+3 0 1
+5 0 1
+3 0 1
+10 0 1
+5 0 1
+2 0 1
+5 0 1
+3 0 1
+10 0 1
+5 0 1
+2 0 1
cfn=(8) 0x0000000000401071
calls=1 +35 0 
* 0 15
+5 0 1
cfn=(14)
calls=1 +97 0 
* 0 4
+5 0 1
cfn=(20) 0x00000000004010bf
calls=1 0x4010bf 0 
* 0 33
+5 0 1
+3 0 1
+3 0 1
+3 0 1
+3 0 1
+3 0 1
jump=1 0x401147 0 
* 0 
0x401147 0 4147200
+3 0 4147200
+8 0 4147200
+3 0 4147200
+4 0 4147200
+5 0 4147200
+3 0 4147200
+3 0 4147200
+3 0 4147200
+4 0 4147200
+3 0 4147200
+3 0 4147200
+7 0 4147200
jcnd=4147200/4147200 -20 0 
* 0 
-20 0 29030400
+3 0 29030400
+4 0 29030400
+3 0 29030400
+3 0 29030400
+7 0 29030400
jcnd=24883200/29030400 -20 0 
* 0 
+2 0 4147200
+3 0 4147200
+3 0 4147200
+7 0 4147200
jcnd=3628800/4147200 -64 0 
* 0 
+2 0 518400
+9 0 518400
+9 0 518400
+4 0 518400
+3 0 518400
+3 0 518400
+3 0 518400
+3 0 518400
+3 0 518400
+3 0 518400
+4 0 518400
+7 0 518400
+4 0 518400
+4 0 518400
jcnd=518400/518400 +8 0 
* 0 
+8 0 518400
+3 0 518400
+7 0 518400
+4 0 518400
+3 0 518400
+3 0 518400
+3 0 518400
+3 0 518400
+9 0 518400
+3 0 518400
+8 0 518400
jcnd=517860/518400 0x401147 0 
* 0 
+6 0 540
+3 0 540
+8 0 540
+9 0 540
+4 0 540
+3 0 540
+8 0 540
jcnd=1/540 +18 0 
* 0 
+2 0 539
+3 0 539
+5 0 539
+3 0 539
jump=539 0x401147 0 
* 0 
+5 0 1
+5 0 1
+5 0 1
+3 0 1
+5 0 1
+8 0 1
+4 0 1
+2 0 1
+5 0 1
+3 0 1
+8 0 1
+2 0 1
+5 0 1
+3 0 1
+8 0 1

fn=(8)
0x401071 0 1
+8 0 1
+8 0 1
+3 0 1
+4 0 1
+8 0 1
+3 0 1
+5 0 1
+5 0 1
+5 0 1
+6 0 1
+3 0 1
+3 0 1
+2 0 1
+3 0 1

fn=(20)
0x4010bf 0 1
+9 0 1
+7 0 1
+6 0 1
+4 0 1
+2 0 1
+3 0 1
+9 0 1
+7 0 1
+6 0 1
+4 0 1
+2 0 1
+2 0 1
+3 0 1
+3 0 1
+2 0 1
+2 0 1
+2 0 1
+3 0 1
+8 0 1
+5 0 1
+5 0 1
+3 0 1
+5 0 1
+6 0 1
+7 0 1
+3 0 1
+2 0 1
+3 0 1
+3 0 1
+3 0 1
+3 0 1
+3 0 1

totals: 257650828
